2024-11-08 17:34:16.522 [info] Extension host with pid 33948 started
2024-11-08 17:34:16.522 [error] Error: EEXIST: file already exists, open '/home/itsupport/.codeoss/data/User/workspaceStorage/1642d4d4/vscode.lock'
2024-11-08 17:34:16.535 [info] Lock '/home/itsupport/.codeoss/data/User/workspaceStorage/1642d4d4/vscode.lock': Could not acquire lock, checking if the file is stale.
2024-11-08 17:34:16.569 [info] Lock '/home/itsupport/.codeoss/data/User/workspaceStorage/1642d4d4/vscode.lock': The lock does not look stale, elapsed: 442 ms, giving up.
2024-11-08 17:34:16.582 [info] Lock '/home/itsupport/.codeoss/data/User/workspaceStorage/1642d4d4-1/vscode.lock': Lock acquired.
2024-11-08 17:34:17.573 [info] ExtensionService#_doActivateExtension googlecloudtools.cloudcode, startup: false, activationEvent: 'onLanguage:Log'
2024-11-08 17:34:17.574 [info] ExtensionService#_doActivateExtension vscode.emmet, startup: false, activationEvent: 'onLanguage'
2024-11-08 17:34:20.955 [info] ExtensionService#_doActivateExtension vscode.git-base, startup: true, activationEvent: '*', root cause: vscode.git
2024-11-08 17:34:20.971 [info] ExtensionService#_doActivateExtension ms-python.python, startup: true, activationEvent: 'workspaceContains:requirements.txt'
2024-11-08 17:34:21.639 [info] ExtensionService#_doActivateExtension vscode.npm, startup: true, activationEvent: 'workspaceContains:package.json'
2024-11-08 17:34:21.679 [info] ExtensionService#_doActivateExtension redhat.java, startup: true, activationEvent: 'workspaceContains:pom.xml'
2024-11-08 17:34:22.121 [info] ExtensionService#_doActivateExtension vscjava.vscode-java-dependency, startup: true, activationEvent: 'workspaceContains:pom.xml'
2024-11-08 17:34:22.269 [info] ExtensionService#_doActivateExtension vscjava.vscode-java-debug, startup: true, activationEvent: 'workspaceContains:pom.xml', root cause: vscjava.vscode-java-test
2024-11-08 17:34:22.719 [info] ExtensionService#_doActivateExtension vscode.git, startup: true, activationEvent: '*'
2024-11-08 17:34:22.720 [info] ExtensionService#_doActivateExtension vscode.github, startup: true, activationEvent: '*'
2024-11-08 17:34:24.052 [info] ExtensionService#_doActivateExtension vscjava.vscode-maven, startup: true, activationEvent: 'workspaceContains:**/pom.xml'
2024-11-08 17:34:24.053 [info] ExtensionService#_doActivateExtension redhat.fabric8-analytics, startup: true, activationEvent: 'workspaceContains:**/package.json,**/pom.xml,**/go.mod,**/requirements.txt'
2024-11-08 17:34:28.002 [info] Not activating extension 'hashicorp.terraform': Timed out while searching for 'workspaceContains' pattern **/*.tf,**/*.tfvars
2024-11-08 17:34:31.597 [info] ExtensionService#_doActivateExtension EditorConfig.EditorConfig, startup: false, activationEvent: 'onStartupFinished'
2024-11-08 17:34:31.599 [info] ExtensionService#_doActivateExtension google.cloud-shell, startup: false, activationEvent: 'onStartupFinished'
2024-11-08 17:34:31.599 [info] ExtensionService#_doActivateExtension vscode.debug-auto-launch, startup: false, activationEvent: 'onStartupFinished'
2024-11-08 17:34:31.601 [info] ExtensionService#_doActivateExtension vscode.merge-conflict, startup: false, activationEvent: 'onStartupFinished'
2024-11-08 17:34:35.404 [info] ExtensionService#_doActivateExtension vscode.json-language-features, startup: false, activationEvent: 'onLanguage:jsonc'
2024-11-08 17:34:35.404 [info] ExtensionService#_doActivateExtension vscode.typescript-language-features, startup: false, activationEvent: 'onLanguage:jsonc'
2024-11-08 17:34:40.174 [info] ExtensionService#_doActivateExtension vscode.github-authentication, startup: false, activationEvent: 'onAuthenticationRequest:github'
2024-11-08 17:34:45.961 [warning] [Decorations] CAPPING events from decorations provider vscode.git 7452
2024-11-08 17:35:07.320 [warning] [redhat.java] Accessing a resource scoped configuration without providing a resource is not expected. To get the effective value for '[java]', provide the URI of a resource or 'null' for any resource.
2024-11-08 17:35:07.858 [info] ExtensionService#_doActivateExtension vscjava.vscode-java-test, startup: true, activationEvent: 'workspaceContains:pom.xml'
2024-11-08 17:35:23.634 [warning] [redhat.java] Accessing a resource scoped configuration without providing a resource is not expected. To get the effective value for '[java]', provide the URI of a resource or 'null' for any resource.
