0 verbose cli /usr/local/nvm/versions/node/v20.18.0/bin/node /usr/local/nvm/versions/node/v20.18.0/bin/npm
1 info using npm@10.9.0
2 info using node@v20.18.0
3 silly config load:file:/usr/local/nvm/versions/node/v20.18.0/lib/node_modules/npm/npmrc
4 silly config load:file:/home/itsupport/accountin/Accounting/accounting-app/adaptive-model/adpos/Advanced_POS_System/ae/ae-pos/ae-soft/aebc-backend/aebot/aebus/aebusiness/aekgh/aeNext.js/aeNextjs/aenpo/aenz/aenz-java/aenzbi/aenzbi-agritech-system/aenzbi-ai-app/aenzbi-api/aenzbi-app/aenzbi-app-flutter/aenzbi-artist/aenzbi-aspnetcore-app/aenzbi-backend/aenzbi-backend-cp/aenzbi-backend2/aenzbi-bank-soft/aenzbi-bigcommerce/aenzbi-business-suite/aenzbi-conservation-environmental-system/aenzbi-digital-baking/aenzbi-ecommerce/aenzbi-erp-ecommerce/aenzbi-extension/aenzbi-fintech/aenzbi-fintech-system/aenzbi-firebase/aenzbi-flask-ecom/aenzbi-global-pos/aenzbi-grocery/aenzbi-health-education-system/aenzbi-ide/aenzbi-inventory-system/aenzbi-invoice-extension/aenzbi-maven/aenzbi-new-system/aenzbi-odoo/aenzbi-odoo-setup/aenzbi-record/aenzbi-renewable-energy-platform/aenzbi-restaurant-ecommerce/AENZBi-restaurant-pos/aenzbi-restaurant-pos-backend/aenzbi-resto-app/aenzbi-retail-1/aenzbi-storeb/aenzbi-suite/aenzbi-suite-functions/aenzbi-tourism-hospitality-system/aenzbi-woo-postman/aenzbi2/AenzbiAfricanDevelopmentInitiative/AenzbiAgritechSystem/Aenzbiandroid/aenzbiArtist/aenzbibackend/aenzbiboutique-pos/aenzbicom-frontend/AenzbiConservationEnvironmentalSystem/aenzbierp/aenzbiFintech/AenzbiFintechSystem/AenzbiHealthEducationSystem/AenzbiPosAndroid/AenzbiRenewableEnergyPlatform/aenzbiroot/aenzbisoft/AenzbiStudio/aenzbisys/AenzbiTourismHospitalitySystem/Aenzbi_Africa_Development_Initiative/aenzbi_app/aenzbi_erp/aenzbi_invoice/aenzbi_m/aenzbi_movie_maker/aenzbi_store/aenzbi_sys/aenzpo/aenzsoft-b/aepos/aerp-backend/aerp-frontend/aesoko/aestackb/aethin/.npmrc
5 silly config load:file:/home/itsupport/.npmrc
6 silly config load:file:/usr/local/nvm/versions/node/v20.18.0/etc/npmrc
7 verbose title npm run build
8 verbose argv "run" "build"
9 verbose logfile logs-max:10 dir:/home/itsupport/.npm/_logs/2024-11-08T17_03_57_985Z-
10 verbose logfile /home/itsupport/.npm/_logs/2024-11-08T17_03_57_985Z-debug-0.log
11 silly logfile start cleaning logs, removing 1 files
12 silly logfile done cleaning log files
13 verbose stack Error: Missing script: "build"
13 verbose stack
13 verbose stack To see a list of scripts, run:
13 verbose stack   npm run
13 verbose stack     at #run (/usr/local/nvm/versions/node/v20.18.0/lib/node_modules/npm/lib/commands/run-script.js:111:13)
13 verbose stack     at async RunScript.exec (/usr/local/nvm/versions/node/v20.18.0/lib/node_modules/npm/lib/commands/run-script.js:40:7)
13 verbose stack     at async Npm.exec (/usr/local/nvm/versions/node/v20.18.0/lib/node_modules/npm/lib/npm.js:207:9)
13 verbose stack     at async module.exports (/usr/local/nvm/versions/node/v20.18.0/lib/node_modules/npm/lib/cli/entry.js:74:5)
14 error Missing script: "build"
14 error
14 error To see a list of scripts, run:
14 error   npm run
15 verbose cwd /home/itsupport/accountin/Accounting/accounting-app/adaptive-model/adpos/Advanced_POS_System/ae/ae-pos/ae-soft/aebc-backend/aebot/aebus/aebusiness/aekgh/aeNext.js/aeNextjs/aenpo/aenz/aenz-java/aenzbi/aenzbi-agritech-system/aenzbi-ai-app/aenzbi-api/aenzbi-app/aenzbi-app-flutter/aenzbi-artist/aenzbi-aspnetcore-app/aenzbi-backend/aenzbi-backend-cp/aenzbi-backend2/aenzbi-bank-soft/aenzbi-bigcommerce/aenzbi-business-suite/aenzbi-conservation-environmental-system/aenzbi-digital-baking/aenzbi-ecommerce/aenzbi-erp-ecommerce/aenzbi-extension/aenzbi-fintech/aenzbi-fintech-system/aenzbi-firebase/aenzbi-flask-ecom/aenzbi-global-pos/aenzbi-grocery/aenzbi-health-education-system/aenzbi-ide/aenzbi-inventory-system/aenzbi-invoice-extension/aenzbi-maven/aenzbi-new-system/aenzbi-odoo/aenzbi-odoo-setup/aenzbi-record/aenzbi-renewable-energy-platform/aenzbi-restaurant-ecommerce/AENZBi-restaurant-pos/aenzbi-restaurant-pos-backend/aenzbi-resto-app/aenzbi-retail-1/aenzbi-storeb/aenzbi-suite/aenzbi-suite-functions/aenzbi-tourism-hospitality-system/aenzbi-woo-postman/aenzbi2/AenzbiAfricanDevelopmentInitiative/AenzbiAgritechSystem/Aenzbiandroid/aenzbiArtist/aenzbibackend/aenzbiboutique-pos/aenzbicom-frontend/AenzbiConservationEnvironmentalSystem/aenzbierp/aenzbiFintech/AenzbiFintechSystem/AenzbiHealthEducationSystem/AenzbiPosAndroid/AenzbiRenewableEnergyPlatform/aenzbiroot/aenzbisoft/AenzbiStudio/aenzbisys/AenzbiTourismHospitalitySystem/Aenzbi_Africa_Development_Initiative/aenzbi_app/aenzbi_erp/aenzbi_invoice/aenzbi_m/aenzbi_movie_maker/aenzbi_store/aenzbi_sys/aenzpo/aenzsoft-b/aepos/aerp-backend/aerp-frontend/aesoko/aestackb/aethin
16 verbose os Linux 6.1.112+
17 verbose node v20.18.0
18 verbose npm  v10.9.0
19 verbose exit 1
20 verbose code 1
21 error A complete log of this run can be found in: /home/itsupport/.npm/_logs/2024-11-08T17_03_57_985Z-debug-0.log
