0 verbose cli /usr/local/nvm/versions/node/v20.18.0/bin/node /usr/local/nvm/versions/node/v20.18.0/bin/npm
1 info using npm@10.9.0
2 info using node@v20.18.0
3 silly config load:file:/usr/local/nvm/versions/node/v20.18.0/lib/node_modules/npm/npmrc
4 silly config load:file:/home/itsupport/accountin/Accounting/accounting-app/adaptive-model/adpos/Advanced_POS_System/ae/ae-pos/ae-soft/aebc-backend/aebot/aebus/aebusiness/aekgh/aeNext.js/aeNextjs/aenpo/aenz/aenz-java/aenzbi/aenzbi-agritech-system/aenzbi-ai-app/aenzbi-api/aenzbi-app/aenzbi-app-flutter/aenzbi-artist/aenzbi-aspnetcore-app/aenzbi-backend/aenzbi-backend-cp/aenzbi-backend2/aenzbi-bank-soft/aenzbi-bigcommerce/aenzbi-business-suite/aenzbi-conservation-environmental-system/aenzbi-digital-baking/aenzbi-ecommerce/aenzbi-erp-ecommerce/aenzbi-extension/aenzbi-fintech/aenzbi-fintech-system/aenzbi-firebase/aenzbi-flask-ecom/aenzbi-global-pos/aenzbi-grocery/aenzbi-health-education-system/aenzbi-ide/aenzbi-inventory-system/aenzbi-invoice-extension/aenzbi-maven/aenzbi-new-system/aenzbi-odoo/aenzbi-odoo-setup/aenzbi-record/aenzbi-renewable-energy-platform/aenzbi-restaurant-ecommerce/AENZBi-restaurant-pos/aenzbi-restaurant-pos-backend/aenzbi-resto-app/aenzbi-retail-1/aenzbi-storeb/aenzbi-suite/aenzbi-suite-functions/aenzbi-tourism-hospitality-system/aenzbi-woo-postman/aenzbi2/AenzbiAfricanDevelopmentInitiative/AenzbiAgritechSystem/Aenzbiandroid/aenzbiArtist/aenzbibackend/aenzbiboutique-pos/aenzbicom-frontend/AenzbiConservationEnvironmentalSystem/aenzbierp/aenzbiFintech/AenzbiFintechSystem/AenzbiHealthEducationSystem/AenzbiPosAndroid/AenzbiRenewableEnergyPlatform/aenzbiroot/aenzbisoft/AenzbiStudio/aenzbisys/AenzbiTourismHospitalitySystem/Aenzbi_Africa_Development_Initiative/aenzbi_app/aenzbi_erp/aenzbi_invoice/aenzbi_m/aenzbi_movie_maker/aenzbi_store/aenzbi_sys/aenzpo/aenzsoft-b/aepos/aerp-backend/aerp-frontend/aesoko/aestackb/aethin/.npmrc
5 silly config load:file:/home/itsupport/.npmrc
6 silly config load:file:/usr/local/nvm/versions/node/v20.18.0/etc/npmrc
7 verbose title npm install
8 verbose argv "install"
9 verbose logfile logs-max:10 dir:/home/itsupport/.npm/_logs/2024-11-08T17_03_54_830Z-
10 verbose logfile /home/itsupport/.npm/_logs/2024-11-08T17_03_54_830Z-debug-0.log
11 silly logfile start cleaning logs, removing 1 files
12 silly packumentCache heap:2197815296 maxSize:549453824 maxEntrySize:274726912
13 silly logfile done cleaning log files
14 silly idealTree buildDeps
15 silly reify moves {}
16 silly audit bulk request {
16 silly audit   all: [ '0.0.0' ],
16 silly audit   npm: [ '10.8.1' ],
16 silly audit   'ansi-regex': [ '6.0.1', '5.0.1' ],
16 silly audit   'emoji-regex': [ '9.2.2', '8.0.0' ],
16 silly audit   'string-width': [ '5.1.2', '4.2.3' ],
16 silly audit   'strip-ansi': [ '7.1.0', '6.0.1' ],
16 silly audit   'ansi-styles': [ '6.2.1', '4.3.0' ],
16 silly audit   which: [ '2.0.2', '4.0.0' ],
16 silly audit   ms: [ '2.1.2', '2.1.3' ],
16 silly audit   'fs-minipass': [ '3.0.3', '2.1.0' ],
16 silly audit   isexe: [ '2.0.0', '3.1.1' ],
16 silly audit   minipass: [ '7.1.2', '3.3.6', '5.0.0' ],
16 silly audit   'proc-log': [ '3.0.0', '4.2.0' ],
16 silly audit   'spdx-expression-parse': [ '3.0.1', '4.0.0' ],
16 silly audit   'wrap-ansi': [ '8.1.0', '7.0.0' ],
16 silly audit   replit: [ '1.0.0' ],
16 silly audit   '@isaacs/cliui': [ '8.0.2' ],
16 silly audit   '@isaacs/string-locale-compare': [ '1.1.0' ],
16 silly audit   '@npmcli/agent': [ '2.2.2' ],
16 silly audit   '@npmcli/arborist': [ '7.5.3' ],
16 silly audit   '@npmcli/config': [ '8.3.3' ],
16 silly audit   '@npmcli/fs': [ '3.1.1' ],
16 silly audit   '@npmcli/git': [ '5.0.7' ],
16 silly audit   '@npmcli/installed-package-contents': [ '2.1.0' ],
16 silly audit   '@npmcli/map-workspaces': [ '3.0.6' ],
16 silly audit   '@npmcli/metavuln-calculator': [ '7.1.1' ],
16 silly audit   '@npmcli/name-from-folder': [ '2.0.0' ],
16 silly audit   '@npmcli/node-gyp': [ '3.0.0' ],
16 silly audit   '@npmcli/package-json': [ '5.1.1' ],
16 silly audit   '@npmcli/promise-spawn': [ '7.0.2' ],
16 silly audit   '@npmcli/query': [ '3.1.0' ],
16 silly audit   '@npmcli/redact': [ '2.0.0' ],
16 silly audit   '@npmcli/run-script': [ '8.1.0' ],
16 silly audit   '@pkgjs/parseargs': [ '0.11.0' ],
16 silly audit   '@sigstore/bundle': [ '2.3.2' ],
16 silly audit   '@sigstore/core': [ '1.1.0' ],
16 silly audit   '@sigstore/protobuf-specs': [ '0.3.2' ],
16 silly audit   '@sigstore/sign': [ '2.3.2' ],
16 silly audit   '@sigstore/tuf': [ '2.3.4' ],
16 silly audit   '@sigstore/verify': [ '1.2.1' ],
16 silly audit   '@tufjs/canonical-json': [ '2.0.0' ],
16 silly audit   '@tufjs/models': [ '2.0.1' ],
16 silly audit   abbrev: [ '2.0.0' ],
16 silly audit   'agent-base': [ '7.1.1' ],
16 silly audit   'aggregate-error': [ '3.1.0' ],
16 silly audit   aproba: [ '2.0.0' ],
16 silly audit   archy: [ '1.0.0' ],
16 silly audit   'balanced-match': [ '1.0.2' ],
16 silly audit   'bin-links': [ '4.0.4' ],
16 silly audit   'binary-extensions': [ '2.3.0' ],
16 silly audit   'brace-expansion': [ '2.0.1' ],
16 silly audit   cacache: [ '18.0.3' ],
16 silly audit   chalk: [ '5.3.0' ],
16 silly audit   chownr: [ '2.0.0' ],
16 silly audit   'ci-info': [ '4.0.0' ],
16 silly audit   'cidr-regex': [ '4.1.1' ],
16 silly audit   'clean-stack': [ '2.2.0' ],
16 silly audit   'cli-columns': [ '4.0.0' ],
16 silly audit   'cmd-shim': [ '6.0.3' ],
16 silly audit   'color-convert': [ '2.0.1' ],
16 silly audit   'color-name': [ '1.1.4' ],
16 silly audit   'common-ancestor-path': [ '1.0.1' ],
16 silly audit   'cross-spawn': [ '7.0.3' ],
16 silly audit   cssesc: [ '3.0.0' ],
16 silly audit   debug: [ '4.3.4' ],
16 silly audit   diff: [ '5.2.0' ],
16 silly audit   eastasianwidth: [ '0.2.0' ],
16 silly audit   encoding: [ '0.1.13' ],
16 silly audit   'env-paths': [ '2.2.1' ],
16 silly audit   'err-code': [ '2.0.3' ],
16 silly audit   'exponential-backoff': [ '3.1.1' ],
16 silly audit   'fastest-levenshtein': [ '1.0.16' ],
16 silly audit   'foreground-child': [ '3.1.1' ],
16 silly audit   'function-bind': [ '1.1.2' ],
16 silly audit   glob: [ '10.4.1' ],
16 silly audit   'graceful-fs': [ '4.2.11' ],
16 silly audit   hasown: [ '2.0.2' ],
16 silly audit   'hosted-git-info': [ '7.0.2' ],
16 silly audit   'http-cache-semantics': [ '4.1.1' ],
16 silly audit   'http-proxy-agent': [ '7.0.2' ],
16 silly audit   'https-proxy-agent': [ '7.0.4' ],
16 silly audit   'iconv-lite': [ '0.6.3' ],
16 silly audit   'ignore-walk': [ '6.0.5' ],
16 silly audit   imurmurhash: [ '0.1.4' ],
16 silly audit   'indent-string': [ '4.0.0' ],
16 silly audit   ini: [ '4.1.3' ],
16 silly audit   'init-package-json': [ '6.0.3' ],
16 silly audit   'ip-address': [ '9.0.5' ],
16 silly audit   'ip-regex': [ '5.0.0' ],
16 silly audit   'is-cidr': [ '5.1.0' ],
16 silly audit   'is-core-module': [ '2.13.1' ],
16 silly audit   'is-fullwidth-code-point': [ '3.0.0' ],
16 silly audit   'is-lambda': [ '1.0.1' ],
16 silly audit   jackspeak: [ '3.1.2' ],
16 silly audit   jsbn: [ '1.1.0' ],
16 silly audit   'json-parse-even-better-errors': [ '3.0.2' ],
16 silly audit   'json-stringify-nice': [ '1.1.4' ],
16 silly audit   jsonparse: [ '1.3.1' ],
16 silly audit   'just-diff': [ '6.0.2' ],
16 silly audit   'just-diff-apply': [ '5.5.0' ],
16 silly audit   libnpmaccess: [ '8.0.6' ],
16 silly audit   libnpmdiff: [ '6.1.3' ],
16 silly audit   libnpmexec: [ '8.1.2' ],
16 silly audit   libnpmfund: [ '5.0.11' ],
16 silly audit   libnpmhook: [ '10.0.5' ],
16 silly audit   libnpmorg: [ '6.0.6' ],
16 silly audit   libnpmpack: [ '7.0.3' ],
16 silly audit   libnpmpublish: [ '9.0.9' ],
16 silly audit   libnpmsearch: [ '7.0.6' ],
16 silly audit   libnpmteam: [ '6.0.5' ],
16 silly audit   libnpmversion: [ '6.0.3' ],
16 silly audit   'lru-cache': [ '10.2.2' ],
16 silly audit   'make-fetch-happen': [ '13.0.1' ],
16 silly audit   minimatch: [ '9.0.4' ],
16 silly audit   'minipass-collect': [ '2.0.1' ],
16 silly audit   'minipass-fetch': [ '3.0.5' ],
16 silly audit   'minipass-flush': [ '1.0.5' ],
16 silly audit   'minipass-json-stream': [ '1.0.1' ],
16 silly audit   'minipass-pipeline': [ '1.2.4' ],
16 silly audit   'minipass-sized': [ '1.0.3' ],
16 silly audit   minizlib: [ '2.1.2' ],
16 silly audit   mkdirp: [ '1.0.4' ],
16 silly audit   'mute-stream': [ '1.0.0' ],
16 silly audit   negotiator: [ '0.6.3' ],
16 silly audit   'node-gyp': [ '10.1.0' ],
16 silly audit   nopt: [ '7.2.1' ],
16 silly audit   'normalize-package-data': [ '6.0.1' ],
16 silly audit   'npm-audit-report': [ '5.0.0' ],
16 silly audit   'npm-bundled': [ '3.0.1' ],
16 silly audit   'npm-install-checks': [ '6.3.0' ],
16 silly audit   'npm-normalize-package-bin': [ '3.0.1' ],
16 silly audit   'npm-package-arg': [ '11.0.2' ],
16 silly audit   'npm-packlist': [ '8.0.2' ],
16 silly audit   'npm-pick-manifest': [ '9.0.1' ],
16 silly audit   'npm-profile': [ '10.0.0' ],
16 silly audit   'npm-registry-fetch': [ '17.0.1' ],
16 silly audit   'npm-user-validate': [ '2.0.1' ],
16 silly audit   'p-map': [ '4.0.0' ],
16 silly audit   pacote: [ '18.0.6' ],
16 silly audit   'parse-conflict-json': [ '3.0.1' ],
16 silly audit   'path-key': [ '3.1.1' ],
16 silly audit   'path-scurry': [ '1.11.1' ],
16 silly audit   'postcss-selector-parser': [ '6.1.0' ],
16 silly audit   proggy: [ '2.0.0' ],
16 silly audit   'promise-all-reject-late': [ '1.0.1' ],
16 silly audit   'promise-call-limit': [ '3.0.1' ],
16 silly audit   'promise-inflight': [ '1.0.1' ],
16 silly audit   'promise-retry': [ '2.0.1' ],
16 silly audit   promzard: [ '1.0.2' ],
16 silly audit   'qrcode-terminal': [ '0.12.0' ],
16 silly audit   read: [ '3.0.1' ],
16 silly audit   'read-cmd-shim': [ '4.0.0' ],
16 silly audit   'read-package-json-fast': [ '3.0.2' ],
16 silly audit   retry: [ '0.12.0' ],
16 silly audit   'safer-buffer': [ '2.1.2' ],
16 silly audit   semver: [ '7.6.2' ],
16 silly audit   'shebang-command': [ '2.0.0' ],
16 silly audit   'shebang-regex': [ '3.0.0' ],
16 silly audit   'signal-exit': [ '4.1.0' ],
16 silly audit   sigstore: [ '2.3.1' ],
16 silly audit   'smart-buffer': [ '4.2.0' ],
16 silly audit   socks: [ '2.8.3' ],
16 silly audit   'socks-proxy-agent': [ '8.0.3' ],
16 silly audit   'spdx-correct': [ '3.2.0' ],
16 silly audit   'spdx-exceptions': [ '2.5.0' ],
16 silly audit   'spdx-license-ids': [ '3.0.18' ],
16 silly audit   'sprintf-js': [ '1.1.3' ],
16 silly audit   ssri: [ '10.0.6' ],
16 silly audit   'supports-color': [ '9.4.0' ],
16 silly audit   tar: [ '6.2.1' ],
16 silly audit   'text-table': [ '0.2.0' ],
16 silly audit   'tiny-relative-date': [ '1.3.0' ],
16 silly audit   treeverse: [ '3.0.0' ],
16 silly audit   'tuf-js': [ '2.2.1' ],
16 silly audit   'unique-filename': [ '3.0.0' ],
16 silly audit   'unique-slug': [ '4.0.0' ],
16 silly audit   'util-deprecate': [ '1.0.2' ],
16 silly audit   'validate-npm-package-license': [ '3.0.4' ],
16 silly audit   'validate-npm-package-name': [ '5.0.1' ],
16 silly audit   'walk-up-path': [ '3.0.1' ],
16 silly audit   'write-file-atomic': [ '5.0.1' ],
16 silly audit   yallist: [ '4.0.0' ]
16 silly audit }
17 http fetch POST 200 https://registry.npmjs.org/-/npm/v1/security/advisories/bulk 408ms
18 silly audit report {}
19 verbose cwd /home/itsupport/accountin/Accounting/accounting-app/adaptive-model/adpos/Advanced_POS_System/ae/ae-pos/ae-soft/aebc-backend/aebot/aebus/aebusiness/aekgh/aeNext.js/aeNextjs/aenpo/aenz/aenz-java/aenzbi/aenzbi-agritech-system/aenzbi-ai-app/aenzbi-api/aenzbi-app/aenzbi-app-flutter/aenzbi-artist/aenzbi-aspnetcore-app/aenzbi-backend/aenzbi-backend-cp/aenzbi-backend2/aenzbi-bank-soft/aenzbi-bigcommerce/aenzbi-business-suite/aenzbi-conservation-environmental-system/aenzbi-digital-baking/aenzbi-ecommerce/aenzbi-erp-ecommerce/aenzbi-extension/aenzbi-fintech/aenzbi-fintech-system/aenzbi-firebase/aenzbi-flask-ecom/aenzbi-global-pos/aenzbi-grocery/aenzbi-health-education-system/aenzbi-ide/aenzbi-inventory-system/aenzbi-invoice-extension/aenzbi-maven/aenzbi-new-system/aenzbi-odoo/aenzbi-odoo-setup/aenzbi-record/aenzbi-renewable-energy-platform/aenzbi-restaurant-ecommerce/AENZBi-restaurant-pos/aenzbi-restaurant-pos-backend/aenzbi-resto-app/aenzbi-retail-1/aenzbi-storeb/aenzbi-suite/aenzbi-suite-functions/aenzbi-tourism-hospitality-system/aenzbi-woo-postman/aenzbi2/AenzbiAfricanDevelopmentInitiative/AenzbiAgritechSystem/Aenzbiandroid/aenzbiArtist/aenzbibackend/aenzbiboutique-pos/aenzbicom-frontend/AenzbiConservationEnvironmentalSystem/aenzbierp/aenzbiFintech/AenzbiFintechSystem/AenzbiHealthEducationSystem/AenzbiPosAndroid/AenzbiRenewableEnergyPlatform/aenzbiroot/aenzbisoft/AenzbiStudio/aenzbisys/AenzbiTourismHospitalitySystem/Aenzbi_Africa_Development_Initiative/aenzbi_app/aenzbi_erp/aenzbi_invoice/aenzbi_m/aenzbi_movie_maker/aenzbi_store/aenzbi_sys/aenzpo/aenzsoft-b/aepos/aerp-backend/aerp-frontend/aesoko/aestackb/aethin
20 verbose os Linux 6.1.112+
21 verbose node v20.18.0
22 verbose npm  v10.9.0
23 verbose exit 0
24 info ok
