2024-11-08 16:23:30.136 [info] Log level: Info
2024-11-08 16:23:30.136 [info] Validating found git in: "git"
2024-11-08 16:23:30.136 [info] Using git "2.43.0" from "git"
2024-11-08 16:23:30.136 [info] > git rev-parse --show-toplevel [5ms]
2024-11-08 16:23:30.136 [info] > git rev-parse --git-dir --git-common-dir [5ms]
2024-11-08 16:23:30.136 [info] Open repository: /home/itsupport/accountin
2024-11-08 16:23:30.136 [info] > git config --get commit.template [22ms]
2024-11-08 16:23:30.136 [info] > git for-each-ref --format=%(refname)%00%(upstream:short)%00%(objectname)%00%(upstream:track)%00%(upstream:remotename)%00%(upstream:remoteref) refs/heads/main refs/remotes/main [184ms]
2024-11-08 16:23:30.136 [info] > git rev-parse --show-toplevel [208ms]
2024-11-08 16:23:30.136 [warning] ENOENT: no such file or directory, open '/home/itsupport/accountin/.git/refs/remotes/origin/main'
2024-11-08 16:23:30.136 [info] > git rev-parse --git-dir --git-common-dir [39ms]
2024-11-08 16:23:30.136 [info] Open repository: /home/itsupport/accountin/Accounting
2024-11-08 16:23:30.136 [info] > git rev-parse refs/remotes/origin/main [76ms]
2024-11-08 16:23:30.136 [info] > git config --get commit.template [50ms]
2024-11-08 16:23:30.136 [info] > git rev-parse --show-toplevel [41ms]
2024-11-08 16:23:30.136 [info] > git for-each-ref --format=%(refname)%00%(upstream:short)%00%(objectname)%00%(upstream:track)%00%(upstream:remotename)%00%(upstream:remoteref) refs/heads/main refs/remotes/main [21ms]
2024-11-08 16:23:30.150 [warning] ENOENT: no such file or directory, open '/home/itsupport/accountin/Accounting/.git/refs/remotes/origin/main'
2024-11-08 16:23:30.153 [info] > git rev-parse --show-toplevel [24ms]
2024-11-08 16:23:30.160 [info] > git rev-parse refs/remotes/origin/main [10ms]
2024-11-08 16:23:30.222 [info] > git status -z -uall [235ms]
2024-11-08 16:23:30.222 [info] > git status -z -uall [46ms]
2024-11-08 16:23:30.362 [info] > git merge-base refs/heads/main refs/remotes/origin/main [95ms]
2024-11-08 16:23:30.384 [info] > git merge-base refs/heads/main refs/remotes/origin/main [144ms]
2024-11-08 16:23:30.427 [info] > git rev-list --count --left-right refs/heads/main...refs/remotes/origin/main [44ms]
2024-11-08 16:23:30.445 [info] > git config --get commit.template [112ms]
2024-11-08 16:23:30.446 [info] > git config --get commit.template [132ms]
2024-11-08 16:23:30.449 [info] > git rev-list --count --left-right refs/heads/main...refs/remotes/origin/main [44ms]
2024-11-08 16:23:30.540 [info] > git for-each-ref --format=%(refname)%00%(upstream:short)%00%(objectname)%00%(upstream:track)%00%(upstream:remotename)%00%(upstream:remoteref) refs/heads/main refs/remotes/main [33ms]
2024-11-08 16:23:30.541 [info] > git diff --name-status -z --diff-filter=ADMR 9212fd6ca1de870962daec33b3f89fbb7845ee13...refs/remotes/origin/main [71ms]
2024-11-08 16:23:30.573 [warning] ENOENT: no such file or directory, open '/home/itsupport/accountin/Accounting/.git/refs/remotes/origin/main'
2024-11-08 16:23:30.670 [info] > git for-each-ref --format=%(refname)%00%(upstream:short)%00%(objectname)%00%(upstream:track)%00%(upstream:remotename)%00%(upstream:remoteref) refs/heads/main refs/remotes/main [134ms]
2024-11-08 16:23:30.686 [warning] ENOENT: no such file or directory, open '/home/itsupport/accountin/.git/refs/remotes/origin/main'
2024-11-08 16:23:30.690 [info] > git rev-parse refs/remotes/origin/main [117ms]
2024-11-08 16:23:30.722 [info] > git rev-parse refs/remotes/origin/main [35ms]
2024-11-08 16:23:30.755 [info] > git status -z -uall [49ms]
2024-11-08 16:23:30.891 [info] > git diff --name-status -z --diff-filter=ADMR 00df5e507b36ebdc090f529e4fb2ab85b6d1747d...refs/remotes/origin/main [319ms]
2024-11-08 16:23:31.236 [info] > git status -z -uall [485ms]
2024-11-08 16:23:33.820 [info] > git check-ignore -v -z --stdin [75ms]
2024-11-08 16:23:33.844 [info] > git check-ignore -v -z --stdin [57ms]
2024-11-08 16:23:43.172 [info] > git merge-base refs/heads/main refs/remotes/origin/main [98ms]
2024-11-08 16:23:44.035 [info] > git merge-base refs/heads/main refs/remotes/origin/main [939ms]
2024-11-08 16:23:44.161 [info] > git rev-list --count --left-right refs/heads/main...refs/remotes/origin/main [910ms]
2024-11-08 16:23:44.170 [info] > git rev-list --count --left-right refs/heads/main...refs/remotes/origin/main [20ms]
2024-11-08 16:23:58.258 [info] > git -c user.useConfigOnly=true commit --quiet --allow-empty-message --file - [126ms]
2024-11-08 16:23:58.405 [info] > git config --get commit.template [2ms]
2024-11-08 16:23:58.624 [info] > git config --get commit.template [21ms]
2024-11-08 16:23:58.827 [info] > git for-each-ref --format=%(refname)%00%(upstream:short)%00%(objectname)%00%(upstream:track)%00%(upstream:remotename)%00%(upstream:remoteref) refs/heads/main refs/remotes/main [33ms]
2024-11-08 16:23:59.048 [warning] ENOENT: no such file or directory, open '/home/itsupport/accountin/.git/refs/remotes/origin/main'
2024-11-08 16:23:59.067 [info] > git rev-parse refs/remotes/origin/main [19ms]
2024-11-08 16:23:59.584 [info] > git status -z -uall [361ms]
2024-11-08 16:23:59.734 [info] > git merge-base refs/heads/main refs/remotes/origin/main [39ms]
2024-11-08 16:23:59.886 [info] > git rev-list --count --left-right refs/heads/main...refs/remotes/origin/main [34ms]
2024-11-08 16:24:00.287 [info] > git diff --name-status -z --diff-filter=ADMR 00df5e507b36ebdc090f529e4fb2ab85b6d1747d...refs/remotes/origin/main [115ms]
2024-11-08 16:24:01.337 [info] > git merge-base refs/heads/main refs/remotes/origin/main [151ms]
2024-11-08 16:24:01.495 [info] > git config --get commit.template [172ms]
2024-11-08 16:24:01.646 [info] > git rev-list --count --left-right refs/heads/main...refs/remotes/origin/main [153ms]
2024-11-08 16:24:01.689 [info] > git for-each-ref --format=%(refname)%00%(upstream:short)%00%(objectname)%00%(upstream:track)%00%(upstream:remotename)%00%(upstream:remoteref) refs/heads/main refs/remotes/main [44ms]
2024-11-08 16:24:01.831 [warning] ENOENT: no such file or directory, open '/home/itsupport/accountin/.git/refs/remotes/origin/main'
2024-11-08 16:24:01.839 [info] > git rev-parse refs/remotes/origin/main [9ms]
2024-11-08 16:24:02.429 [info] > git status -z -uall [422ms]
2024-11-08 16:24:12.512 [info] > git log --oneline --cherry main...main@{upstream} -- [18ms]
2024-11-08 16:24:13.602 [info] > git pull --tags origin main [943ms]
2024-11-08 16:24:13.602 [info] From https://github.com/allyelvis/Accounting
 * branch            main            -> FETCH_HEAD
 * [new tag]         v20241108161329 -> v20241108161329
2024-11-08 16:24:13.892 [info] > git config --get commit.template [155ms]
2024-11-08 16:24:13.905 [info] > git for-each-ref --format=%(refname)%00%(upstream:short)%00%(objectname)%00%(upstream:track)%00%(upstream:remotename)%00%(upstream:remoteref) refs/heads/main refs/remotes/main [14ms]
2024-11-08 16:24:14.022 [warning] ENOENT: no such file or directory, open '/home/itsupport/accountin/Accounting/.git/refs/remotes/origin/main'
2024-11-08 16:24:14.035 [info] > git rev-parse refs/remotes/origin/main [14ms]
2024-11-08 16:24:14.248 [info] > git status -z -uall [78ms]
2024-11-08 16:24:14.412 [info] > git merge-base refs/heads/main refs/remotes/origin/main [21ms]
2024-11-08 16:24:14.549 [info] > git rev-list --count --left-right refs/heads/main...refs/remotes/origin/main [17ms]
2024-11-08 16:24:14.672 [info] > git diff --name-status -z --diff-filter=ADMR 58a48a8986ff063acfb3eb81d5cee7b6ef38b650...refs/remotes/origin/main [3ms]
2024-11-08 16:24:14.900 [info] > git merge-base refs/heads/main refs/remotes/origin/main [24ms]
2024-11-08 16:24:15.043 [info] > git rev-list --count --left-right refs/heads/main...refs/remotes/origin/main [14ms]
2024-11-08 16:24:22.600 [info] > git fetch [975ms]
2024-11-08 16:24:22.601 [info] From https://github.com/allyelvis/accountin
 * [new tag]         v20241108161316 -> v20241108161316
2024-11-08 16:24:22.831 [info] > git fetch [1088ms]
2024-11-08 16:24:22.834 [info] > git config --get commit.template [117ms]
2024-11-08 16:24:22.951 [info] > git for-each-ref --format=%(refname)%00%(upstream:short)%00%(objectname)%00%(upstream:track)%00%(upstream:remotename)%00%(upstream:remoteref) refs/heads/main refs/remotes/main [122ms]
2024-11-08 16:24:23.064 [warning] ENOENT: no such file or directory, open '/home/itsupport/accountin/.git/refs/remotes/origin/main'
2024-11-08 16:24:23.171 [info] > git config --get commit.template [220ms]
2024-11-08 16:24:23.172 [info] > git rev-parse refs/remotes/origin/main [108ms]
2024-11-08 16:24:23.268 [info] > git for-each-ref --format=%(refname)%00%(upstream:short)%00%(objectname)%00%(upstream:track)%00%(upstream:remotename)%00%(upstream:remoteref) refs/heads/main refs/remotes/main [98ms]
2024-11-08 16:24:23.386 [warning] ENOENT: no such file or directory, open '/home/itsupport/accountin/Accounting/.git/refs/remotes/origin/main'
2024-11-08 16:24:23.396 [info] > git rev-parse refs/remotes/origin/main [10ms]
2024-11-08 16:24:23.555 [info] > git status -z -uall [52ms]
2024-11-08 16:24:23.616 [info] > git status -z -uall [350ms]
2024-11-08 16:24:49.624 [info] > git add -A -- . [488ms]
2024-11-08 16:24:49.898 [info] > git -c user.useConfigOnly=true commit --quiet --allow-empty-message --file - [184ms]
2024-11-08 16:24:50.069 [info] > git config --get commit.template [14ms]
2024-11-08 16:24:50.344 [info] > git config --get commit.template [141ms]
2024-11-08 16:24:50.365 [info] > git for-each-ref --format=%(refname)%00%(upstream:short)%00%(objectname)%00%(upstream:track)%00%(upstream:remotename)%00%(upstream:remoteref) refs/heads/main refs/remotes/main [24ms]
2024-11-08 16:24:50.433 [warning] ENOENT: no such file or directory, open '/home/itsupport/accountin/.git/refs/remotes/origin/main'
2024-11-08 16:24:50.445 [info] > git rev-parse refs/remotes/origin/main [13ms]
2024-11-08 16:24:50.923 [info] > git status -z -uall [356ms]
2024-11-08 16:24:51.058 [info] > git merge-base refs/heads/main refs/remotes/origin/main [28ms]
2024-11-08 16:24:51.203 [info] > git rev-list --count --left-right refs/heads/main...refs/remotes/origin/main [17ms]
2024-11-08 16:24:51.630 [info] > git merge-base refs/heads/main refs/remotes/origin/main [140ms]
2024-11-08 16:24:51.725 [info] > git config --get commit.template [96ms]
2024-11-08 16:24:51.907 [info] > git diff --name-status -z --diff-filter=ADMR 00df5e507b36ebdc090f529e4fb2ab85b6d1747d...refs/remotes/origin/main [389ms]
2024-11-08 16:24:53.062 [info] > git rev-list --count --left-right refs/heads/main...refs/remotes/origin/main [1340ms]
2024-11-08 16:24:53.147 [info] > git for-each-ref --format=%(refname)%00%(upstream:short)%00%(objectname)%00%(upstream:track)%00%(upstream:remotename)%00%(upstream:remoteref) refs/heads/main refs/remotes/main [11ms]
2024-11-08 16:24:53.216 [warning] ENOENT: no such file or directory, open '/home/itsupport/accountin/.git/refs/remotes/origin/main'
2024-11-08 16:24:53.232 [info] > git rev-parse refs/remotes/origin/main [17ms]
2024-11-08 16:24:53.673 [info] > git status -z -uall [299ms]
2024-11-08 16:25:09.544 [info] > git add -A -- . [222ms]
2024-11-08 16:25:09.935 [info] > git -c user.useConfigOnly=true commit --quiet --allow-empty-message --file - [322ms]
2024-11-08 16:25:10.049 [info] > git config --get-all user.name [19ms]
2024-11-08 16:25:10.231 [info] > git config --get-all user.email [21ms]
2024-11-08 16:25:10.423 [info] > git config --get commit.template [97ms]
2024-11-08 16:25:10.425 [info] > git for-each-ref --format=%(refname)%00%(upstream:short)%00%(objectname)%00%(upstream:track)%00%(upstream:remotename)%00%(upstream:remoteref) refs/heads/main refs/remotes/main [4ms]
2024-11-08 16:25:10.546 [warning] ENOENT: no such file or directory, open '/home/itsupport/accountin/.git/refs/remotes/origin/main'
2024-11-08 16:25:10.559 [info] > git rev-parse refs/remotes/origin/main [12ms]
2024-11-08 16:25:11.048 [info] > git status -z -uall [381ms]
2024-11-08 17:04:04.887 [info] > git config --get commit.template [39ms]
2024-11-08 17:04:04.970 [info] > git for-each-ref --format=%(refname)%00%(upstream:short)%00%(objectname)%00%(upstream:track)%00%(upstream:remotename)%00%(upstream:remoteref) refs/heads/main refs/remotes/main [49ms]
2024-11-08 17:04:04.972 [info] > git config --get commit.template [86ms]
2024-11-08 17:04:05.006 [warning] ENOENT: no such file or directory, open '/home/itsupport/accountin/.git/refs/remotes/origin/main'
2024-11-08 17:04:05.007 [info] > git for-each-ref --format=%(refname)%00%(upstream:short)%00%(objectname)%00%(upstream:track)%00%(upstream:remotename)%00%(upstream:remoteref) refs/heads/main refs/remotes/main [39ms]
2024-11-08 17:04:05.042 [info] > git rev-parse refs/remotes/origin/main [37ms]
2024-11-08 17:04:05.329 [info] > git fetch [552ms]
2024-11-08 17:04:05.329 [info] From https://github.com/allyelvis/Accounting
 * [new tag]         v20241108165058 -> v20241108165058
2024-11-08 17:04:05.362 [info] > git status -z -uall [321ms] (cancelled)
2024-11-08 17:04:05.363 [info] > git fetch [559ms]
2024-11-08 17:04:05.432 [info] > git status -z -uall [363ms] (cancelled)
2024-11-08 17:04:05.461 [info] > git config --get commit.template [98ms]
2024-11-08 17:04:05.462 [info] > git config --get commit.template [31ms]
2024-11-08 17:04:05.492 [info] > git for-each-ref --format=%(refname)%00%(upstream:short)%00%(objectname)%00%(upstream:track)%00%(upstream:remotename)%00%(upstream:remoteref) refs/heads/main refs/remotes/main [33ms]
2024-11-08 17:04:05.494 [info] > git for-each-ref --format=%(refname)%00%(upstream:short)%00%(objectname)%00%(upstream:track)%00%(upstream:remotename)%00%(upstream:remoteref) refs/heads/main refs/remotes/main [4ms]
2024-11-08 17:04:05.521 [warning] ENOENT: no such file or directory, open '/home/itsupport/accountin/.git/refs/remotes/origin/main'
2024-11-08 17:04:05.549 [info] > git rev-parse refs/remotes/origin/main [28ms]
2024-11-08 17:04:09.499 [info] > git status -z -uall [3951ms]
2024-11-08 17:04:09.547 [info] > git merge-base refs/heads/main refs/remotes/origin/main [13ms]
2024-11-08 17:04:09.590 [info] > git rev-list --count --left-right refs/heads/main...refs/remotes/origin/main [5ms]
2024-11-08 17:04:09.628 [info] > git status -z -uall [4024ms]
2024-11-08 17:04:09.656 [info] > git merge-base refs/heads/main refs/remotes/origin/main [5ms]
2024-11-08 17:04:09.678 [info] > git diff --name-status -z --diff-filter=ADMR 3b97c76b1424d4b66ba9edf7b526a41343f0e894...refs/remotes/origin/main [55ms]
2024-11-08 17:04:09.681 [info] > git rev-list --count --left-right refs/heads/main...refs/remotes/origin/main [4ms]
2024-11-08 17:04:09.838 [info] > git diff --name-status -z --diff-filter=ADMR 00df5e507b36ebdc090f529e4fb2ab85b6d1747d...refs/remotes/origin/main [60ms]
2024-11-08 17:04:10.256 [info] > git merge-base refs/heads/main refs/remotes/origin/main [4ms]
2024-11-08 17:04:10.282 [info] > git rev-list --count --left-right refs/heads/main...refs/remotes/origin/main [3ms]
2024-11-08 17:04:10.411 [info] > git for-each-ref --format=%(refname)%00%(upstream:short)%00%(objectname)%00%(upstream:track)%00%(upstream:remotename)%00%(upstream:remoteref) refs/heads/main refs/remotes/main [27ms]
2024-11-08 17:04:10.412 [info] > git config --get commit.template [50ms]
2024-11-08 17:04:10.414 [info] > git config --get commit.template [5ms]
2024-11-08 17:04:10.463 [info] > git for-each-ref --format=%(refname)%00%(upstream:short)%00%(objectname)%00%(upstream:track)%00%(upstream:remotename)%00%(upstream:remoteref) refs/heads/main refs/remotes/main [27ms]
2024-11-08 17:04:10.510 [warning] ENOENT: no such file or directory, open '/home/itsupport/accountin/.git/refs/remotes/origin/main'
2024-11-08 17:04:10.513 [info] > git rev-parse refs/remotes/origin/main [3ms]
2024-11-08 17:04:11.132 [info] > git merge-base refs/heads/main refs/remotes/origin/main [23ms]
2024-11-08 17:04:11.266 [info] > git rev-list --count --left-right refs/heads/main...refs/remotes/origin/main [12ms]
2024-11-08 17:04:11.734 [info] > git status -z -uall [1273ms]
2024-11-08 17:04:11.940 [info] > git status -z -uall [1391ms]
2024-11-08 17:04:12.179 [info] > git check-ignore -v -z --stdin [5ms]
2024-11-08 17:04:16.991 [info] > git add -A -- . [123ms]
2024-11-08 17:04:17.063 [info] > git -c user.useConfigOnly=true commit --quiet --allow-empty-message --file - [49ms]
2024-11-08 17:04:17.088 [info] > git config --get commit.template [2ms]
2024-11-08 17:04:17.138 [info] > git config --get commit.template [24ms]
2024-11-08 17:04:17.140 [info] > git for-each-ref --format=%(refname)%00%(upstream:short)%00%(objectname)%00%(upstream:track)%00%(upstream:remotename)%00%(upstream:remoteref) refs/heads/main refs/remotes/main [4ms]
2024-11-08 17:04:17.163 [warning] ENOENT: no such file or directory, open '/home/itsupport/accountin/.git/refs/remotes/origin/main'
2024-11-08 17:04:17.165 [info] > git rev-parse refs/remotes/origin/main [3ms]
2024-11-08 17:04:18.082 [info] > git status -z -uall [894ms]
2024-11-08 17:04:18.113 [info] > git merge-base refs/heads/main refs/remotes/origin/main [8ms]
2024-11-08 17:04:18.139 [info] > git rev-list --count --left-right refs/heads/main...refs/remotes/origin/main [3ms]
2024-11-08 17:04:18.217 [info] > git diff --name-status -z --diff-filter=ADMR 00df5e507b36ebdc090f529e4fb2ab85b6d1747d...refs/remotes/origin/main [16ms]
2024-11-08 17:04:18.390 [info] > git merge-base refs/heads/main refs/remotes/origin/main [5ms]
2024-11-08 17:04:18.418 [info] > git rev-list --count --left-right refs/heads/main...refs/remotes/origin/main [3ms]
2024-11-08 17:04:18.481 [info] > git config --get commit.template [26ms]
2024-11-08 17:04:18.483 [info] > git for-each-ref --format=%(refname)%00%(upstream:short)%00%(objectname)%00%(upstream:track)%00%(upstream:remotename)%00%(upstream:remoteref) refs/heads/main refs/remotes/main [3ms]
2024-11-08 17:04:18.505 [warning] ENOENT: no such file or directory, open '/home/itsupport/accountin/.git/refs/remotes/origin/main'
2024-11-08 17:04:18.508 [info] > git rev-parse refs/remotes/origin/main [3ms]
2024-11-08 17:04:19.494 [info] > git status -z -uall [963ms]
2024-11-08 17:04:30.988 [info] > git add -A -- . [11ms]
2024-11-08 17:04:31.025 [info] > git -c user.useConfigOnly=true commit --quiet --allow-empty-message --file - [14ms]
2024-11-08 17:04:31.052 [info] > git config --get commit.template [3ms]
2024-11-08 17:04:31.102 [info] > git config --get commit.template [25ms]
2024-11-08 17:04:31.104 [info] > git for-each-ref --format=%(refname)%00%(upstream:short)%00%(objectname)%00%(upstream:track)%00%(upstream:remotename)%00%(upstream:remoteref) refs/heads/main refs/remotes/main [3ms]
2024-11-08 17:04:31.864 [info] > git status -z -uall [735ms]
2024-11-08 17:04:31.907 [info] > git merge-base refs/heads/main refs/remotes/origin/main [18ms]
2024-11-08 17:04:31.932 [info] > git rev-list --count --left-right refs/heads/main...refs/remotes/origin/main [3ms]
2024-11-08 17:04:31.980 [info] > git diff --name-status -z --diff-filter=ADMR 3b97c76b1424d4b66ba9edf7b526a41343f0e894...refs/remotes/origin/main [26ms]
2024-11-08 17:04:31.982 [info] > git check-ignore -v -z --stdin [3ms]
2024-11-08 17:04:32.176 [info] > git merge-base refs/heads/main refs/remotes/origin/main [3ms]
2024-11-08 17:04:32.206 [info] > git rev-list --count --left-right refs/heads/main...refs/remotes/origin/main [3ms]
2024-11-08 17:04:32.304 [info] > git config --get commit.template [28ms]
2024-11-08 17:04:32.305 [info] > git for-each-ref --format=%(refname)%00%(upstream:short)%00%(objectname)%00%(upstream:track)%00%(upstream:remotename)%00%(upstream:remoteref) refs/heads/main refs/remotes/main [6ms]
2024-11-08 17:04:33.062 [info] > git status -z -uall [725ms]
2024-11-08 17:04:45.228 [info] > git add -A -- . [122ms]
2024-11-08 17:04:45.292 [info] > git -c user.useConfigOnly=true commit --quiet --allow-empty-message --file - [42ms]
2024-11-08 17:04:45.317 [info] > git config --get commit.template [2ms]
2024-11-08 17:04:45.366 [info] > git config --get commit.template [25ms]
2024-11-08 17:04:45.368 [info] > git for-each-ref --format=%(refname)%00%(upstream:short)%00%(objectname)%00%(upstream:track)%00%(upstream:remotename)%00%(upstream:remoteref) refs/heads/main refs/remotes/main [4ms]
2024-11-08 17:04:45.390 [warning] ENOENT: no such file or directory, open '/home/itsupport/accountin/.git/refs/remotes/origin/main'
2024-11-08 17:04:45.393 [info] > git rev-parse refs/remotes/origin/main [3ms]
2024-11-08 17:04:46.313 [info] > git status -z -uall [898ms]
2024-11-08 17:04:46.347 [info] > git merge-base refs/heads/main refs/remotes/origin/main [9ms]
2024-11-08 17:04:46.373 [info] > git rev-list --count --left-right refs/heads/main...refs/remotes/origin/main [3ms]
2024-11-08 17:04:46.448 [info] > git diff --name-status -z --diff-filter=ADMR 00df5e507b36ebdc090f529e4fb2ab85b6d1747d...refs/remotes/origin/main [17ms]
2024-11-08 17:04:46.744 [info] > git merge-base refs/heads/main refs/remotes/origin/main [21ms]
2024-11-08 17:04:46.811 [info] > git rev-list --count --left-right refs/heads/main...refs/remotes/origin/main [37ms]
2024-11-08 17:04:46.880 [info] > git config --get commit.template [43ms]
2024-11-08 17:04:46.950 [info] > git for-each-ref --format=%(refname)%00%(upstream:short)%00%(objectname)%00%(upstream:track)%00%(upstream:remotename)%00%(upstream:remoteref) refs/heads/main refs/remotes/main [14ms]
2024-11-08 17:04:46.986 [warning] ENOENT: no such file or directory, open '/home/itsupport/accountin/.git/refs/remotes/origin/main'
2024-11-08 17:04:47.000 [info] > git rev-parse refs/remotes/origin/main [14ms]
2024-11-08 17:04:47.912 [info] > git status -z -uall [886ms]
2024-11-08 17:04:52.186 [info] > git add -A -- . [552ms]
2024-11-08 17:04:52.990 [info] > git -c user.useConfigOnly=true commit --quiet --allow-empty-message --file - [779ms]
2024-11-08 17:04:53.014 [info] > git config --get-all user.name [2ms]
2024-11-08 17:04:53.038 [info] > git config --get-all user.email [2ms]
2024-11-08 17:04:53.089 [info] > git config --get commit.template [27ms]
2024-11-08 17:04:53.091 [info] > git for-each-ref --format=%(refname)%00%(upstream:short)%00%(objectname)%00%(upstream:track)%00%(upstream:remotename)%00%(upstream:remoteref) refs/heads/main refs/remotes/main [4ms]
2024-11-08 17:04:53.842 [info] > git status -z -uall [726ms]
2024-11-08 17:05:49.173 [info] > git add -A -- . [579ms]
2024-11-08 17:05:49.977 [info] > git -c user.useConfigOnly=true commit --quiet --allow-empty-message --file - [782ms]
2024-11-08 17:05:50.004 [info] > git config --get-all user.name [2ms]
2024-11-08 17:05:50.028 [info] > git config --get-all user.email [2ms]
2024-11-08 17:05:50.075 [info] > git config --get commit.template [24ms]
2024-11-08 17:05:50.077 [info] > git for-each-ref --format=%(refname)%00%(upstream:short)%00%(objectname)%00%(upstream:track)%00%(upstream:remotename)%00%(upstream:remoteref) refs/heads/main refs/remotes/main [4ms]
2024-11-08 17:05:50.811 [info] > git status -z -uall [710ms]
2024-11-08 17:06:04.063 [info] > git add -A -- . [636ms]
2024-11-08 17:06:05.043 [info] > git -c user.useConfigOnly=true commit --quiet --allow-empty-message --file - [957ms]
2024-11-08 17:06:05.070 [info] > git config --get-all user.name [4ms]
2024-11-08 17:06:05.094 [info] > git config --get-all user.email [2ms]
2024-11-08 17:06:05.143 [info] > git config --get commit.template [25ms]
2024-11-08 17:06:05.145 [info] > git for-each-ref --format=%(refname)%00%(upstream:short)%00%(objectname)%00%(upstream:track)%00%(upstream:remotename)%00%(upstream:remoteref) refs/heads/main refs/remotes/main [4ms]
2024-11-08 17:06:05.168 [warning] ENOENT: no such file or directory, open '/home/itsupport/accountin/.git/refs/remotes/origin/main'
2024-11-08 17:06:05.170 [info] > git rev-parse refs/remotes/origin/main [2ms]
2024-11-08 17:06:06.089 [info] > git status -z -uall [895ms]
